SF:lib/services/internationalization/internationalization.dart
DA:15,2
DA:16,4
DA:17,2
DA:240,12
DA:243,4
DA:244,4
DA:247,9
DA:250,8
DA:256,0
DA:257,0
DA:263,1
DA:264,1
DA:270,1
DA:271,1
DA:277,1
DA:278,1
DA:284,0
DA:285,0
DA:291,1
DA:292,1
DA:298,1
DA:299,1
DA:305,0
DA:306,0
DA:312,1
DA:313,1
DA:319,1
DA:320,1
DA:326,1
DA:327,1
DA:333,1
DA:334,1
DA:340,0
DA:341,0
DA:347,0
DA:348,0
DA:354,0
DA:355,0
DA:361,0
DA:362,0
DA:368,0
DA:369,0
DA:375,0
DA:376,0
DA:382,0
DA:383,0
DA:389,0
DA:390,0
DA:396,0
DA:397,0
DA:403,0
DA:404,0
DA:410,0
DA:411,0
DA:417,0
DA:418,0
DA:424,0
DA:425,0
DA:431,0
DA:432,0
DA:438,0
DA:439,0
DA:445,0
DA:446,0
DA:452,0
DA:453,0
DA:459,0
DA:460,0
DA:466,2
DA:467,2
DA:473,2
DA:474,2
DA:480,2
DA:481,2
DA:487,2
DA:488,2
DA:494,0
DA:495,0
DA:501,0
DA:502,0
DA:508,0
DA:509,0
DA:515,0
DA:516,0
DA:522,0
DA:523,0
DA:529,0
DA:530,0
DA:536,0
DA:537,0
DA:543,0
DA:544,0
DA:550,0
DA:551,0
DA:557,0
DA:558,0
DA:564,0
DA:565,0
DA:571,0
DA:572,0
DA:578,0
DA:579,0
DA:585,0
DA:586,0
DA:592,0
DA:593,0
DA:599,0
DA:600,0
DA:606,0
DA:607,0
DA:613,0
DA:614,0
DA:620,3
DA:621,9
DA:622,3
DA:623,0
DA:627,9
DA:630,6
DA:631,6
DA:632,12
DA:636,3
DA:637,6
DA:641,9
DA:643,1
DA:649,1
DA:651,2
DA:652,2
DA:658,2
DA:662,2
LF:129
LH:50
end_of_record
SF:lib/services/storage/app_storate.dart
DA:18,9
DA:48,4
DA:53,4
DA:54,4
DA:55,0
DA:56,0
LF:6
LH:4
end_of_record
SF:lib/services/storage/fake_storage.dart
DA:8,4
DA:10,4
DA:12,3
DA:14,6
DA:17,2
DA:19,4
DA:22,0
DA:24,0
DA:27,0
DA:29,0
DA:32,0
DA:34,0
DA:37,0
DA:39,0
DA:42,0
DA:44,0
DA:47,0
DA:49,0
DA:52,0
DA:54,0
LF:20
LH:6
end_of_record
SF:lib/services/storage/get_storage.dart
DA:9,0
DA:11,0
DA:14,0
DA:16,0
DA:19,0
DA:21,0
DA:24,0
DA:26,0
DA:29,0
DA:31,0
DA:34,0
DA:36,0
DA:39,0
DA:41,0
DA:44,0
DA:46,0
DA:49,0
DA:51,0
LF:18
LH:0
end_of_record
SF:lib/services/internationalization/app_translations.dart
DA:8,3
DA:10,3
DA:12,12
DA:13,9
DA:14,18
DA:15,3
LF:6
LH:6
end_of_record
SF:lib/services/themes/app_themes.dart
DA:16,9
DA:17,9
DA:20,6
DA:23,9
DA:26,9
DA:29,9
DA:32,3
DA:33,6
DA:36,3
DA:40,12
DA:43,0
DA:44,0
DA:50,3
DA:51,12
DA:52,3
DA:53,9
DA:54,15
DA:55,9
LF:18
LH:16
end_of_record
SF:lib/screens/profile/profile_view.dart
DA:16,4
DA:18,1
DA:20,1
DA:21,1
DA:28,3
DA:30,1
DA:34,1
DA:35,2
DA:43,0
DA:44,0
DA:45,0
DA:47,0
DA:48,0
DA:49,0
DA:50,0
DA:61,0
DA:66,0
DA:68,0
DA:70,0
DA:71,0
DA:73,0
DA:74,0
DA:76,0
DA:77,0
DA:78,0
DA:81,0
DA:82,0
DA:83,0
DA:84,0
DA:88,0
DA:89,0
DA:90,0
DA:91,0
DA:94,0
DA:100,0
DA:102,0
DA:103,0
DA:105,0
DA:109,0
DA:110,0
DA:123,0
DA:125,0
DA:127,0
DA:129,0
DA:130,0
DA:132,0
DA:133,0
DA:136,0
DA:137,0
DA:140,0
DA:141,0
DA:142,0
DA:153,0
DA:158,0
DA:160,0
DA:162,0
DA:163,0
DA:165,0
DA:167,0
DA:168,0
DA:171,0
DA:172,0
DA:184,0
DA:190,0
DA:193,0
DA:195,0
DA:197,0
DA:199,0
DA:200,0
DA:204,0
DA:206,0
DA:210,0
DA:221,0
DA:222,0
DA:231,3
DA:233,0
DA:235,0
DA:237,0
DA:239,0
DA:241,0
DA:242,0
DA:243,0
DA:244,0
DA:245,0
DA:246,0
DA:247,0
DA:248,0
DA:252,0
DA:253,0
DA:258,0
DA:259,0
DA:260,0
DA:261,0
DA:262,0
DA:263,0
DA:264,0
DA:268,0
DA:269,0
DA:283,0
DA:288,0
DA:290,0
DA:291,0
DA:292,0
DA:294,0
DA:297,0
DA:298,0
DA:299,0
DA:300,0
DA:302,0
DA:304,0
DA:305,0
DA:307,0
DA:308,0
DA:310,0
DA:311,0
DA:312,0
DA:313,0
DA:319,0
DA:320,0
DA:321,0
DA:327,0
DA:328,0
DA:329,0
DA:344,0
DA:345,0
DA:346,0
DA:348,0
DA:350,0
DA:351,0
DA:353,0
DA:354,0
DA:356,0
DA:357,0
DA:358,0
DA:359,0
DA:365,0
DA:366,0
DA:367,0
DA:373,0
DA:374,0
DA:375,0
DA:402,0
DA:407,0
DA:408,0
DA:411,0
DA:413,0
DA:414,0
DA:415,0
DA:417,0
DA:420,0
DA:421,0
DA:422,0
DA:423,0
DA:425,0
DA:427,0
DA:428,0
DA:430,0
DA:431,0
DA:433,0
DA:434,0
DA:435,0
DA:436,0
DA:442,0
DA:443,0
DA:444,0
DA:450,0
DA:451,0
DA:452,0
DA:468,0
DA:469,0
DA:470,0
DA:472,0
DA:474,0
DA:475,0
DA:477,0
DA:478,0
DA:479,0
DA:481,0
DA:482,0
DA:483,0
DA:484,0
DA:485,0
DA:491,0
DA:492,0
DA:493,0
DA:499,0
DA:500,0
DA:501,0
DA:511,0
DA:512,0
DA:513,0
DA:517,0
DA:533,3
DA:535,0
DA:550,0
DA:555,0
DA:557,0
DA:559,0
DA:560,0
DA:561,0
DA:564,0
DA:568,0
DA:571,0
DA:572,0
DA:573,0
DA:574,0
DA:581,0
DA:582,0
DA:591,0
DA:592,0
DA:593,0
DA:594,0
DA:600,0
DA:601,0
DA:618,0
DA:623,0
DA:625,0
DA:627,0
DA:628,0
DA:629,0
DA:633,0
DA:635,0
DA:638,0
DA:639,0
DA:640,0
DA:641,0
DA:648,0
DA:649,0
DA:658,0
DA:659,0
DA:660,0
DA:661,0
DA:667,0
DA:668,0
LF:234
LH:10
end_of_record
SF:lib/utils/user_preference.dart
DA:18,6
DA:21,4
DA:23,2
DA:25,2
DA:26,2
DA:30,2
DA:31,2
DA:32,4
DA:36,0
DA:39,0
DA:40,0
DA:42,0
DA:46,0
DA:47,0
DA:48,0
DA:50,0
LF:16
LH:8
end_of_record
SF:lib/providers/sign_up/sign_up.dart
DA:32,0
DA:33,0
DA:36,0
DA:37,0
DA:40,0
DA:45,0
DA:46,0
DA:47,0
DA:48,0
DA:54,0
DA:55,0
DA:56,0
DA:57,0
DA:58,0
DA:59,0
DA:60,0
DA:62,0
DA:65,0
DA:66,0
DA:67,0
DA:69,0
DA:70,0
DA:71,0
DA:72,0
DA:74,0
DA:75,0
DA:76,0
DA:80,0
DA:84,0
LF:29
LH:0
end_of_record
SF:lib/routes/app_routes.dart
DA:19,0
DA:20,0
DA:21,0
DA:24,0
DA:25,0
DA:29,0
DA:30,0
DA:32,0
DA:38,0
DA:39,0
DA:40,0
DA:41,0
DA:45,0
DA:46,0
DA:47,0
DA:48,0
DA:52,0
DA:53,0
DA:55,0
DA:64,0
DA:65,0
DA:69,0
DA:70,0
DA:74,0
DA:79,0
DA:88,0
DA:89,0
DA:93,0
DA:97,0
DA:101,0
DA:102,0
DA:108,0
DA:110,0
DA:113,0
DA:123,0
DA:125,0
DA:131,0
DA:133,0
DA:139,0
DA:141,0
LF:40
LH:0
end_of_record
SF:lib/routes/pages_routes.dart
DA:16,0
DA:22,0
DA:25,0
DA:28,0
DA:31,0
DA:34,0
DA:37,0
DA:41,0
DA:46,0
DA:51,0
DA:56,0
DA:61,0
DA:66,0
DA:79,0
LF:14
LH:0
end_of_record
SF:lib/services/user_service_client.dart
DA:18,0
DA:21,0
DA:22,0
DA:27,0
DA:29,0
DA:30,0
DA:31,0
DA:32,0
DA:33,0
DA:34,0
DA:35,0
DA:38,0
DA:39,0
DA:42,0
DA:43,0
DA:44,0
DA:48,0
DA:53,0
DA:55,0
DA:56,0
DA:57,0
DA:58,0
DA:59,0
DA:62,0
DA:63,0
DA:66,0
DA:67,0
DA:68,0
DA:72,0
LF:29
LH:0
end_of_record
SF:lib/widgets/components/loading_button.dart
DA:24,1
DA:37,3
DA:70,1
DA:72,1
DA:73,1
DA:74,1
DA:75,1
DA:77,4
DA:78,0
DA:79,0
DA:81,4
DA:82,0
DA:83,0
DA:86,1
DA:87,0
DA:88,1
DA:89,2
DA:90,4
DA:92,1
DA:94,4
DA:97,1
DA:99,1
DA:100,1
DA:101,4
DA:106,1
DA:107,1
DA:108,1
DA:114,1
DA:115,4
DA:119,1
DA:121,1
DA:137,0
DA:140,0
DA:143,0
DA:146,0
LF:35
LH:26
end_of_record
SF:lib/providers/sing_in/sign_in.dart
DA:23,0
DA:24,0
DA:27,0
DA:28,0
DA:31,0
DA:36,0
DA:37,0
DA:38,0
DA:39,0
DA:45,0
DA:46,0
DA:47,0
DA:48,0
DA:51,0
DA:54,0
DA:55,0
DA:56,0
DA:58,0
DA:61,0
DA:66,0
LF:20
LH:0
end_of_record
SF:lib/screens/dashboard/dashboard_view.dart
DA:18,4
DA:22,1
DA:24,1
DA:26,1
DA:27,1
DA:28,1
DA:30,1
DA:31,1
DA:32,1
DA:33,0
DA:35,1
DA:44,1
DA:46,1
DA:48,1
DA:57,2
DA:59,4
DA:60,1
DA:61,1
DA:62,1
DA:63,2
DA:64,0
DA:65,0
DA:66,0
DA:68,0
DA:70,0
DA:72,1
DA:73,2
DA:74,0
DA:75,0
DA:76,0
DA:78,0
DA:80,0
DA:81,0
DA:84,1
DA:85,2
DA:86,3
DA:89,1
DA:90,2
DA:91,0
DA:92,0
DA:93,0
DA:95,0
DA:97,0
DA:98,0
DA:100,1
DA:101,2
DA:102,0
DA:103,0
DA:104,0
DA:106,0
DA:108,0
DA:109,0
DA:111,1
DA:112,2
DA:113,0
DA:114,0
DA:115,0
DA:117,0
DA:119,0
DA:120,0
DA:123,1
DA:124,2
DA:125,0
DA:126,2
DA:127,2
DA:130,3
DA:134,3
LF:67
LH:36
end_of_record
SF:lib/screens/middleware_page.dart
DA:9,3
DA:11,0
DA:13,0
LF:3
LH:1
end_of_record
SF:lib/screens/sign_in/sign_view.dart
DA:18,3
DA:22,0
DA:24,0
DA:26,0
DA:27,0
DA:28,0
DA:29,0
DA:30,0
DA:38,3
DA:40,0
DA:42,0
DA:43,0
DA:45,0
DA:46,0
DA:58,3
DA:60,0
DA:62,0
DA:63,0
DA:64,0
DA:65,0
DA:66,0
DA:67,0
DA:69,0
DA:86,3
DA:88,0
DA:90,0
DA:91,0
DA:92,0
DA:96,0
DA:97,0
DA:98,0
DA:106,3
DA:108,0
DA:110,0
DA:111,0
DA:112,0
DA:113,0
DA:114,0
DA:115,0
DA:116,0
DA:117,0
DA:119,0
DA:121,0
DA:122,0
DA:124,0
DA:126,0
DA:128,0
DA:131,0
DA:132,0
DA:133,0
DA:134,0
DA:135,0
DA:138,0
DA:142,0
DA:151,3
DA:153,0
DA:155,0
DA:156,0
DA:157,0
DA:158,0
DA:159,0
DA:160,0
DA:161,0
DA:162,0
DA:163,0
DA:164,0
DA:165,0
DA:166,0
DA:167,0
LF:69
LH:6
end_of_record
SF:lib/screens/sign_up/sign_up_view.dart
DA:18,3
DA:20,0
DA:22,0
DA:24,0
DA:25,0
DA:26,0
DA:27,0
DA:28,0
DA:36,3
DA:38,0
DA:40,0
DA:41,0
DA:43,0
DA:44,0
DA:56,3
DA:58,0
DA:60,0
DA:61,0
DA:62,0
DA:63,0
DA:64,0
DA:65,0
DA:67,0
DA:84,3
DA:86,0
DA:88,0
DA:89,0
DA:90,0
DA:94,0
DA:95,0
DA:96,0
DA:104,3
DA:106,0
DA:108,0
DA:109,0
DA:110,0
DA:112,0
DA:113,0
DA:114,0
DA:115,0
DA:116,0
DA:118,0
DA:120,0
DA:121,0
DA:122,0
DA:123,0
DA:125,0
DA:127,0
DA:128,0
DA:129,0
DA:130,0
DA:132,0
DA:134,0
DA:135,0
DA:137,0
DA:139,0
DA:141,0
DA:143,0
DA:144,0
DA:146,0
DA:147,0
DA:149,0
DA:152,0
DA:153,0
DA:154,0
DA:155,0
DA:156,0
DA:159,0
DA:163,0
DA:172,3
DA:174,0
DA:176,0
DA:177,0
DA:178,0
DA:179,0
DA:180,0
DA:181,0
DA:182,0
DA:183,0
DA:184,0
DA:185,0
DA:186,0
DA:187,0
DA:188,0
LF:84
LH:6
end_of_record
SF:lib/screens/stores/stores_view.dart
DA:9,3
DA:13,0
DA:15,0
DA:16,0
LF:4
LH:1
end_of_record
SF:lib/widgets/base_page.dart
DA:22,2
DA:28,2
DA:30,4
DA:31,4
DA:32,4
DA:34,2
DA:35,2
DA:36,2
DA:38,2
DA:39,4
DA:40,2
DA:42,4
DA:43,2
DA:45,4
DA:47,2
DA:51,2
DA:52,2
DA:54,2
DA:58,2
DA:59,2
DA:60,2
DA:64,4
DA:65,4
DA:76,2
DA:82,2
DA:84,2
DA:85,2
DA:86,4
DA:87,2
DA:88,2
DA:102,2
DA:107,2
DA:114,2
DA:115,2
DA:116,4
DA:118,2
DA:119,2
DA:122,4
DA:126,0
DA:127,0
DA:129,2
DA:130,2
DA:131,2
DA:132,2
DA:134,0
DA:136,2
DA:137,2
DA:138,2
DA:139,2
DA:141,4
DA:142,6
DA:147,2
DA:148,2
DA:150,2
DA:152,2
DA:156,2
DA:157,0
DA:173,3
DA:175,2
DA:177,2
DA:179,2
DA:181,2
DA:184,0
DA:194,2
DA:200,2
DA:202,2
DA:204,2
DA:205,0
DA:206,0
DA:209,6
DA:210,2
DA:212,2
DA:213,2
DA:218,2
DA:224,2
DA:225,2
DA:227,4
DA:228,2
DA:230,4
DA:236,2
DA:237,2
DA:240,2
DA:241,2
DA:242,2
DA:245,2
DA:246,2
DA:248,0
LF:87
LH:79
end_of_record
SF:lib/widgets/components/input_textfield.dart
DA:25,1
DA:34,1
DA:36,1
DA:37,1
DA:38,2
DA:40,1
DA:41,1
DA:42,1
DA:43,2
DA:44,1
DA:45,1
DA:46,1
DA:47,1
DA:49,1
DA:51,1
DA:52,1
DA:57,1
DA:58,0
DA:59,0
DA:62,0
DA:66,0
DA:70,1
DA:72,1
DA:73,1
DA:77,1
DA:79,1
DA:80,2
DA:87,1
DA:88,1
DA:89,1
DA:90,1
LF:31
LH:27
end_of_record
SF:lib/widgets/components/sb_container.dart
DA:9,2
DA:27,2
DA:28,2
DA:35,2
DA:36,2
DA:41,4
DA:43,2
DA:44,2
DA:49,2
DA:54,4
DA:56,2
DA:57,2
LF:12
LH:12
end_of_record
SF:lib/utils/app_layout.dart
DA:9,2
DA:10,8
DA:11,8
DA:15,2
DA:16,8
DA:20,2
DA:21,8
DA:24,2
LF:8
LH:8
end_of_record
SF:lib/themes/themes.dart
DA:9,9
DA:79,3
DA:93,3
DA:94,9
DA:98,9
DA:106,9
DA:178,3
DA:192,3
DA:193,9
DA:197,9
LF:10
LH:10
end_of_record
SF:lib/utils/logger.dart
DA:17,0
DA:18,0
DA:19,0
DA:25,0
DA:26,0
DA:29,0
DA:30,0
DA:34,0
DA:35,0
DA:38,0
DA:39,0
DA:43,0
DA:44,0
DA:45,0
DA:51,0
LF:15
LH:0
end_of_record
SF:lib/widgets/drawer.dart
DA:32,2
DA:50,2
DA:56,2
DA:58,2
DA:60,14
DA:61,2
DA:64,2
DA:65,2
DA:66,4
DA:70,0
DA:71,0
DA:74,2
DA:75,0
DA:76,0
DA:80,0
DA:81,0
DA:87,2
DA:88,2
DA:89,4
DA:92,0
DA:94,2
DA:95,4
DA:98,0
DA:102,2
DA:105,4
DA:106,2
DA:108,2
DA:110,2
DA:112,2
DA:114,2
DA:115,2
DA:116,8
DA:119,2
DA:121,2
DA:122,2
DA:123,8
DA:139,2
DA:147,2
DA:149,2
DA:150,4
DA:151,2
DA:152,2
DA:159,2
DA:160,2
DA:164,2
DA:165,4
DA:166,4
DA:168,2
DA:169,2
DA:172,2
DA:173,4
DA:174,2
DA:175,4
DA:188,2
DA:194,2
DA:196,2
DA:197,2
DA:198,2
DA:199,2
DA:200,2
DA:201,2
DA:203,2
DA:204,2
DA:205,2
DA:217,2
DA:222,2
DA:224,10
DA:226,2
DA:227,4
DA:228,2
DA:234,2
DA:235,2
DA:236,2
DA:242,2
DA:243,4
DA:250,2
DA:251,2
DA:252,4
DA:254,2
DA:271,2
DA:276,2
DA:278,10
DA:280,2
DA:282,2
DA:283,4
DA:284,2
DA:289,2
DA:290,4
DA:300,3
DA:302,2
DA:304,2
DA:305,2
DA:306,8
DA:308,2
DA:309,8
DA:321,2
DA:326,0
DA:328,0
DA:330,0
DA:331,0
LF:100
LH:88
end_of_record
SF:lib/widgets/components/language_selection.dart
DA:10,3
DA:12,2
DA:14,2
DA:15,4
DA:16,0
DA:17,2
DA:22,2
DA:24,4
DA:28,2
DA:31,8
DA:34,2
DA:41,2
DA:43,4
DA:47,2
DA:48,2
DA:49,8
LF:16
LH:15
end_of_record
SF:lib/widgets/components/theme_switcher.dart
DA:10,3
DA:12,2
DA:14,2
DA:15,4
DA:16,4
DA:17,2
DA:22,2
DA:24,4
DA:28,2
DA:30,4
DA:33,2
DA:36,2
DA:38,4
DA:42,2
DA:43,4
DA:46,4
LF:16
LH:16
end_of_record
SF:lib/widgets/components/table.dart
DA:13,1
DA:25,1
DA:49,1
DA:59,1
DA:61,1
DA:62,1
DA:64,0
DA:69,0
DA:70,0
DA:71,0
DA:74,0
DA:75,0
DA:77,0
DA:78,0
DA:81,1
DA:82,1
DA:84,1
DA:85,1
DA:86,2
DA:87,2
DA:88,1
DA:90,1
DA:91,2
DA:93,1
DA:94,1
DA:95,1
DA:96,0
DA:98,1
DA:99,0
DA:107,1
DA:108,1
DA:109,1
DA:110,2
DA:111,0
DA:112,0
DA:113,0
DA:114,0
DA:116,1
DA:117,1
DA:118,1
DA:119,2
DA:120,2
DA:121,1
DA:122,1
DA:124,0
DA:125,0
DA:126,0
DA:131,1
DA:132,3
DA:133,1
DA:152,1
DA:153,2
DA:155,1
DA:158,1
DA:159,1
DA:161,1
DA:163,1
DA:165,2
DA:166,3
DA:167,2
DA:169,1
DA:171,1
DA:172,1
DA:174,0
DA:175,0
DA:176,0
DA:177,0
DA:178,0
DA:179,0
DA:182,1
DA:183,1
DA:184,2
DA:186,1
DA:187,2
DA:191,1
LF:75
LH:52
end_of_record
